Configuring hpp-0.4.1...
Building hpp-0.4.1...
Preprocessing library hpp-0.4.1...
[ 1 of 11] Compiling Hpp.String       ( src\Hpp\String.hs, .stack-work\dist\ca59d0ab\build\Hpp\String.o )
[ 2 of 11] Compiling Hpp.StringSig    ( src\Hpp\StringSig.hs, .stack-work\dist\ca59d0ab\build\Hpp\StringSig.o )
[ 3 of 11] Compiling Hpp.Tokens       ( src\Hpp\Tokens.hs, .stack-work\dist\ca59d0ab\build\Hpp\Tokens.o )
[ 4 of 11] Compiling Hpp.Expr         ( src\Hpp\Expr.hs, .stack-work\dist\ca59d0ab\build\Hpp\Expr.o )
[ 5 of 11] Compiling Hpp.Env          ( src\Hpp\Env.hs, .stack-work\dist\ca59d0ab\build\Hpp\Env.o )
[ 6 of 11] Compiling Hpp.Config       ( src\Hpp\Config.hs, .stack-work\dist\ca59d0ab\build\Hpp\Config.o )
[ 7 of 11] Compiling Hpp.Types        ( src\Hpp\Types.hs, .stack-work\dist\ca59d0ab\build\Hpp\Types.o )
[ 8 of 11] Compiling Hpp.Parser       ( src\Hpp\Parser.hs, .stack-work\dist\ca59d0ab\build\Hpp\Parser.o )
[ 9 of 11] Compiling Hpp.Expansion    ( src\Hpp\Expansion.hs, .stack-work\dist\ca59d0ab\build\Hpp\Expansion.o )
[10 of 11] Compiling Hpp              ( src\Hpp.hs, .stack-work\dist\ca59d0ab\build\Hpp.o )
[11 of 11] Compiling Hpp.CmdLine      ( src\Hpp\CmdLine.hs, .stack-work\dist\ca59d0ab\build\Hpp\CmdLine.o )
Preprocessing executable 'hpp' for hpp-0.4.1...
[1 of 1] Compiling Main             ( src\Main.hs, .stack-work\dist\ca59d0ab\build\hpp\hpp-tmp\Main.o )
Linking .stack-work\dist\ca59d0ab\build\hpp\hpp.exe ...
Installing library in
C:\sr\snapshots\fe0c6596\lib\x86_64-windows-ghc-8.0.2\hpp-0.4.1-GBJVhYEhOoX8PYkaXgdrjM
Installing executable(s) in C:\sr\snapshots\fe0c6596\bin
Registering hpp-0.4.1...
